<?xml version="1.0" encoding="UTF-8"?>
<!-- Generated by org.testng.reporters.JUnitReportReporter -->
<testsuite hostname="LAPTOP-SE043SEK" failures="0" tests="1" name="com.timeTracking.actiTime.Automation.modulename.ClassB" time="0.001" errors="0" timestamp="2022-10-20T15:21:15 IST" skipped="0">
  <testcase classname="com.timeTracking.actiTime.Automation.modulename.ClassB" name="demo2" time="0.001"/>
  <system-out/>
</testsuite> <!-- com.timeTracking.actiTime.Automation.modulename.ClassB -->
