<?xml version="1.0" encoding="UTF-8"?>
<!-- Generated by org.testng.reporters.JUnitReportReporter -->
<testsuite hostname="LAPTOP-SE043SEK" failures="0" tests="1" name="com.timeTracking.actiTime.Automation.modulename.Class$ClassA" time="0.008" errors="0" timestamp="2022-10-20T15:14:23 IST" skipped="0">
  <testcase classname="com.timeTracking.actiTime.Automation.modulename.Class$ClassA" name="demo1" time="0.008"/>
  <system-out/>
</testsuite> <!-- com.timeTracking.actiTime.Automation.modulename.Class$ClassA -->
