<?xml version="1.0" encoding="UTF-8"?>
<!-- Generated by org.testng.reporters.JUnitReportReporter -->
<testsuite hostname="LAPTOP-SE043SEK" failures="0" tests="1" name="com.timeTracking.actiTime.Automation.modulename.TestCaseName" time="18.033" errors="0" timestamp="2022-10-20T14:45:59 IST" skipped="0">
  <testcase classname="com.timeTracking.actiTime.Automation.modulename.TestCaseName" name="TestCaseName" time="18.033"/>
  <system-out/>
</testsuite> <!-- com.timeTracking.actiTime.Automation.modulename.TestCaseName -->
